07/31/2023 02:56:53 PM: INFO: Starting the Test
07/31/2023 02:56:55 PM: INFO: Test Completed
07/31/2023 03:10:21 PM: INFO: Starting the Test
07/31/2023 03:10:23 PM: INFO: Test Completed
07/31/2023 03:11:17 PM: INFO: Starting the Test
07/31/2023 03:11:19 PM: INFO: Test Completed
07/31/2023 03:23:42 PM: INFO: Starting the Test
07/31/2023 03:23:44 PM: INFO: Test Completed
07/31/2023 03:25:05 PM: INFO: Starting the Test
07/31/2023 03:25:07 PM: INFO: Test Completed
07/31/2023 03:27:47 PM: INFO: Starting the Test
07/31/2023 03:27:48 PM: INFO: Test Completed
07/31/2023 03:36:32 PM: INFO: Starting the Test
07/31/2023 03:36:34 PM: INFO: Test Completed
07/31/2023 03:39:25 PM: INFO: Starting the Test
07/31/2023 03:39:27 PM: INFO: Test Completed
07/31/2023 03:45:21 PM: INFO: Starting the Test
07/31/2023 03:45:23 PM: INFO: Test Completed
07/31/2023 03:45:53 PM: INFO: Starting the Test
07/31/2023 03:45:55 PM: INFO: Test Completed
07/31/2023 03:46:13 PM: INFO: Starting the Test
07/31/2023 03:46:15 PM: INFO: Test Completed
07/31/2023 03:48:58 PM: INFO: Starting the Test
07/31/2023 03:49:00 PM: INFO: Test Completed
07/31/2023 04:10:17 PM: INFO: Starting the Test
07/31/2023 04:10:19 PM: INFO: *** Login Test Failed ***
07/31/2023 04:11:43 PM: INFO: Starting the Test
07/31/2023 04:11:45 PM: INFO: *** Login Test Failed ***
07/31/2023 04:11:45 PM: INFO: Test Completed
07/31/2023 04:13:04 PM: INFO: Starting the Test
07/31/2023 04:13:08 PM: INFO: *** Login Test Failed ***
07/31/2023 04:13:08 PM: INFO: Test Completed
07/31/2023 04:18:16 PM: INFO: Starting the Test
07/31/2023 04:18:18 PM: INFO: *** Login Test Failed ***
07/31/2023 04:18:18 PM: INFO: Test Completed
07/31/2023 04:21:09 PM: INFO: Starting the Test
07/31/2023 04:21:11 PM: INFO: *** Login Test Failed ***
07/31/2023 04:21:11 PM: INFO: Test Completed
07/31/2023 04:50:36 PM: INFO: Starting the Test
07/31/2023 04:50:37 PM: INFO: *** Login Test Failed ***
07/31/2023 04:50:38 PM: INFO: Test Completed
07/31/2023 04:55:42 PM: INFO: Starting the Test
07/31/2023 04:55:44 PM: INFO: *** Login Test Passed ***
07/31/2023 05:21:42 PM: INFO: Starting the Test
07/31/2023 05:22:24 PM: INFO: Starting the Test
07/31/2023 05:22:25 PM: INFO: *** Login Test Passed ***
07/31/2023 05:22:26 PM: INFO: Test Completed
07/31/2023 05:24:27 PM: INFO: Starting the Test
07/31/2023 05:24:28 PM: INFO: *** Login Test Passed ***
07/31/2023 05:24:29 PM: INFO: Test Completed
07/31/2023 05:30:46 PM: INFO: Starting the Test
07/31/2023 05:30:48 PM: INFO: *** Login Test Passed ***
07/31/2023 05:30:48 PM: INFO: Test Completed
07/31/2023 05:31:50 PM: INFO: Starting the Test
07/31/2023 05:31:51 PM: INFO: *** Login Test Failed ***
07/31/2023 05:33:30 PM: INFO: Starting the Test
07/31/2023 05:33:32 PM: INFO: *** Login Test Failed ***
07/31/2023 05:37:18 PM: INFO: Starting the Test
07/31/2023 05:37:21 PM: INFO: *** Login Test Passed ***
07/31/2023 05:37:21 PM: INFO: Test Completed
07/31/2023 06:23:10 PM: INFO: Starting the Test
07/31/2023 06:23:10 PM: INFO: *** Login Test Passed ***
07/31/2023 06:23:10 PM: INFO: Test Completed
07/31/2023 06:32:04 PM: INFO: Starting the Test
07/31/2023 06:32:06 PM: INFO: *** Login Test Failed ***
07/31/2023 06:32:06 PM: INFO: Test Completed
07/31/2023 06:33:49 PM: INFO: Starting the Test
07/31/2023 06:33:51 PM: INFO: *** Login Test Failed ***
07/31/2023 06:33:51 PM: INFO: Test Completed
07/31/2023 06:34:10 PM: INFO: Starting the Test
07/31/2023 06:34:12 PM: INFO: *** Login Test Failed ***
07/31/2023 06:34:12 PM: INFO: Test Completed
07/31/2023 10:10:52 PM: INFO: Starting the Test
07/31/2023 10:10:54 PM: INFO: *** Login Test Failed ***
07/31/2023 10:10:55 PM: INFO: Test Completed
07/31/2023 10:13:12 PM: INFO: Starting the Test
07/31/2023 10:13:16 PM: INFO: *** Login Test Failed ***
07/31/2023 10:13:16 PM: INFO: Test Completed
07/31/2023 10:13:40 PM: INFO: Starting the Test
07/31/2023 10:13:42 PM: INFO: *** Login Test Failed ***
07/31/2023 10:13:43 PM: INFO: Test Completed
07/31/2023 10:16:01 PM: INFO: Starting the Test
07/31/2023 10:16:03 PM: INFO: *** Login Test Failed ***
07/31/2023 10:16:03 PM: INFO: Test Completed
07/31/2023 10:16:50 PM: INFO: Starting the Test
07/31/2023 10:16:51 PM: INFO: *** Login Test Failed ***
07/31/2023 10:16:51 PM: INFO: Test Completed
08/02/2023 03:06:21 PM: INFO: Clicking on Admin Menu Item
08/02/2023 03:06:29 PM: INFO: Starting the Test
08/02/2023 03:06:31 PM: INFO: *** Login Test Failed ***
08/02/2023 03:06:31 PM: INFO: Test Completed
08/02/2023 03:26:06 PM: INFO: Clicking on Admin Menu Item
08/02/2023 03:26:17 PM: INFO: Starting the Test
08/02/2023 03:26:19 PM: INFO: *** Login Test Failed ***
08/02/2023 03:26:20 PM: INFO: Test Completed
08/02/2023 03:30:32 PM: INFO: Clicking on Admin Menu Item
08/02/2023 03:30:41 PM: INFO: Starting the Test
08/02/2023 03:30:43 PM: INFO: *** Login Test Failed ***
08/02/2023 03:30:43 PM: INFO: Test Completed
08/02/2023 03:31:34 PM: INFO: Clicking on Admin Menu Item
08/02/2023 03:33:44 PM: INFO: Clicking on Admin Menu Item
08/02/2023 03:43:35 PM: INFO: Clicking on Admin Menu Item
08/02/2023 03:46:11 PM: INFO: Clicking on Admin Menu Item
08/02/2023 04:01:49 PM: INFO: Username entered
08/02/2023 04:01:49 PM: INFO: password entered
08/02/2023 04:01:50 PM: INFO: Login button clicked
08/02/2023 04:01:50 PM: INFO: Clicking on Admin Menu Item
08/02/2023 04:02:53 PM: INFO: Username entered
08/02/2023 04:02:54 PM: INFO: password entered
08/02/2023 04:02:54 PM: INFO: Login button clicked
08/02/2023 04:02:54 PM: INFO: Clicking on Admin Menu Item
08/02/2023 05:40:32 PM: INFO: Username entered
08/02/2023 05:40:32 PM: INFO: password entered
08/02/2023 05:40:32 PM: INFO: Login button clicked
08/02/2023 05:40:32 PM: INFO: Clicking on Admin Menu Item
08/02/2023 05:40:41 PM: INFO: Starting the Test
08/02/2023 05:40:41 PM: INFO: Username entered
08/02/2023 05:40:41 PM: INFO: password entered
08/02/2023 05:40:42 PM: INFO: Login button clicked
08/02/2023 05:40:43 PM: INFO: *** Login Test Failed ***
08/02/2023 05:40:43 PM: INFO: Test Completed
08/02/2023 09:49:23 PM: INFO: Username entered
08/02/2023 09:49:24 PM: INFO: password entered
08/02/2023 09:49:25 PM: INFO: Login button clicked
08/02/2023 09:49:25 PM: INFO: Clicking on Admin Menu Item
